<?xml version="1.0" encoding="UTF-8"?>
<!-- Generated by org.testng.reporters.JUnitXMLReporter -->
<testsuite hostname="sms-wks-207" ignored="2" name="TypeParams" tests="3" failures="2" timestamp="26 апр 2018 04:19:01 GMT" time="5.835" errors="0">
  <testcase name="testAddTypeParamProduct" time="2.613" classname="tests.AddTypeParamProductTests">
    <failure type="java.lang.AssertionError" message="expected [18] but found [17]">
      <![CDATA[java.lang.AssertionError: expected [18] but found [17]
at tests.AddTypeParamProductTests.testAddTypeParamProduct(AddTypeParamProductTests.java:42)
... Removed 35 stack frames]]>
    </failure>
  </testcase> <!-- testAddTypeParamProduct -->
  <testcase name="testAddTypeParamProduct" time="2.334" classname="tests.AddTypeParamProductTests">
    <failure type="java.lang.AssertionError" message="expected [18] but found [17]">
      <![CDATA[java.lang.AssertionError: expected [18] but found [17]
at tests.AddTypeParamProductTests.testAddTypeParamProduct(AddTypeParamProductTests.java:42)
... Removed 35 stack frames]]>
    </failure>
  </testcase> <!-- testAddTypeParamProduct -->
  <testcase name="testRemoveTypeParamWithoutProduct" time="0.854" classname="tests.RemoveTypeParamProductTests"/>
  <testcase name="@BeforeSuite setUp" time="0.0" classname="tests.TestBase">
    <ignored/>
  </testcase> <!-- @BeforeSuite setUp -->
  <testcase name="@AfterSuite tearDown" time="0.0" classname="tests.TestBase">
    <ignored/>
  </testcase> <!-- @AfterSuite tearDown -->
</testsuite> <!-- TypeParams -->
